{"/Users/pentaxial/Desktop/node-sort/sort.js":{"path":"/Users/pentaxial/Desktop/node-sort/sort.js","s":{"1":1},"b":{},"f":{},"fnMap":{},"statementMap":{"1":{"start":{"line":2,"column":0},"end":{"line":9,"column":1}}},"branchMap":{}},"/Users/pentaxial/Desktop/node-sort/core/algorithms/quick.js":{"path":"/Users/pentaxial/Desktop/node-sort/core/algorithms/quick.js","s":{"1":1,"2":76,"3":76,"4":44,"5":32,"6":32,"7":32,"8":32,"9":48,"10":32,"11":1},"b":{"1":[44,32],"2":[76,72],"3":[25,23]},"f":{},"fnMap":{},"statementMap":{"1":{"start":{"line":2,"column":0},"end":{"line":17,"column":2}},"2":{"start":{"line":4,"column":2},"end":{"line":4,"column":55}},"3":{"start":{"line":6,"column":2},"end":{"line":6,"column":61}},"4":{"start":{"line":6,"column":51},"end":{"line":6,"column":61}},"5":{"start":{"line":8,"column":2},"end":{"line":8,"column":18}},"6":{"start":{"line":9,"column":2},"end":{"line":9,"column":19}},"7":{"start":{"line":10,"column":2},"end":{"line":10,"column":25}},"8":{"start":{"line":12,"column":2},"end":{"line":14,"column":3}},"9":{"start":{"line":13,"column":4},"end":{"line":13,"column":76}},"10":{"start":{"line":16,"column":2},"end":{"line":16,"column":71}},"11":{"start":{"line":20,"column":0},"end":{"line":20,"column":23}}},"branchMap":{"1":{"line":6,"type":"if","locations":[{"start":{"line":6,"column":2},"end":{"line":6,"column":2}},{"start":{"line":6,"column":2},"end":{"line":6,"column":2}}]},"2":{"line":6,"type":"binary-expr","locations":[{"start":{"line":6,"column":6},"end":{"line":6,"column":27}},{"start":{"line":6,"column":31},"end":{"line":6,"column":49}}]},"3":{"line":13,"type":"cond-expr","locations":[{"start":{"line":13,"column":33},"end":{"line":13,"column":52}},{"start":{"line":13,"column":55},"end":{"line":13,"column":75}}]}}},"/Users/pentaxial/Desktop/node-sort/core/algorithms/bubble.js":{"path":"/Users/pentaxial/Desktop/node-sort/core/algorithms/bubble.js","s":{"1":1,"2":12,"3":12,"4":6,"5":6,"6":6,"7":72,"8":72,"9":72,"10":72,"11":6,"12":29,"13":29,"14":161,"15":72,"16":6,"17":1},"b":{"1":[6,6],"2":[12,8],"3":[72,89]},"f":{"1":72},"fnMap":{"1":{"name":"(anonymous_1)","line":10,"loc":{"start":{"line":10,"column":17},"end":{"line":10,"column":30}}}},"statementMap":{"1":{"start":{"line":2,"column":0},"end":{"line":25,"column":2}},"2":{"start":{"line":4,"column":2},"end":{"line":4,"column":56}},"3":{"start":{"line":6,"column":2},"end":{"line":6,"column":61}},"4":{"start":{"line":6,"column":51},"end":{"line":6,"column":61}},"5":{"start":{"line":8,"column":2},"end":{"line":8,"column":14}},"6":{"start":{"line":10,"column":2},"end":{"line":15,"column":4}},"7":{"start":{"line":11,"column":4},"end":{"line":11,"column":26}},"8":{"start":{"line":12,"column":4},"end":{"line":12,"column":28}},"9":{"start":{"line":13,"column":4},"end":{"line":13,"column":24}},"10":{"start":{"line":14,"column":4},"end":{"line":14,"column":19}},"11":{"start":{"line":17,"column":2},"end":{"line":22,"column":20}},"12":{"start":{"line":18,"column":4},"end":{"line":18,"column":20}},"13":{"start":{"line":19,"column":4},"end":{"line":21,"column":5}},"14":{"start":{"line":20,"column":6},"end":{"line":20,"column":54}},"15":{"start":{"line":20,"column":44},"end":{"line":20,"column":54}},"16":{"start":{"line":24,"column":2},"end":{"line":24,"column":15}},"17":{"start":{"line":27,"column":0},"end":{"line":27,"column":24}}},"branchMap":{"1":{"line":6,"type":"if","locations":[{"start":{"line":6,"column":2},"end":{"line":6,"column":2}},{"start":{"line":6,"column":2},"end":{"line":6,"column":2}}]},"2":{"line":6,"type":"binary-expr","locations":[{"start":{"line":6,"column":6},"end":{"line":6,"column":27}},{"start":{"line":6,"column":31},"end":{"line":6,"column":49}}]},"3":{"line":20,"type":"if","locations":[{"start":{"line":20,"column":6},"end":{"line":20,"column":6}},{"start":{"line":20,"column":6},"end":{"line":20,"column":6}}]}}},"/Users/pentaxial/Desktop/node-sort/core/algorithms/comb.js":{"path":"/Users/pentaxial/Desktop/node-sort/core/algorithms/comb.js","s":{"1":1,"2":12,"3":12,"4":6,"5":6,"6":6,"7":6,"8":88,"9":88,"10":88,"11":88,"12":6,"13":44,"14":22,"15":44,"16":44,"17":44,"18":209,"19":88,"20":209,"21":6,"22":1},"b":{"1":[6,6],"2":[12,8],"3":[50,28],"4":[22,22],"5":[88,121]},"f":{"1":88},"fnMap":{"1":{"name":"(anonymous_1)","line":12,"loc":{"start":{"line":12,"column":17},"end":{"line":12,"column":30}}}},"statementMap":{"1":{"start":{"line":3,"column":0},"end":{"line":33,"column":2}},"2":{"start":{"line":5,"column":2},"end":{"line":5,"column":54}},"3":{"start":{"line":7,"column":2},"end":{"line":7,"column":61}},"4":{"start":{"line":7,"column":51},"end":{"line":7,"column":61}},"5":{"start":{"line":9,"column":2},"end":{"line":9,"column":25}},"6":{"start":{"line":10,"column":2},"end":{"line":10,"column":14}},"7":{"start":{"line":12,"column":2},"end":{"line":17,"column":4}},"8":{"start":{"line":13,"column":4},"end":{"line":13,"column":26}},"9":{"start":{"line":14,"column":4},"end":{"line":14,"column":28}},"10":{"start":{"line":15,"column":4},"end":{"line":15,"column":24}},"11":{"start":{"line":16,"column":4},"end":{"line":16,"column":19}},"12":{"start":{"line":19,"column":2},"end":{"line":31,"column":3}},"13":{"start":{"line":21,"column":4},"end":{"line":21,"column":59}},"14":{"start":{"line":21,"column":17},"end":{"line":21,"column":59}},"15":{"start":{"line":23,"column":4},"end":{"line":23,"column":14}},"16":{"start":{"line":24,"column":4},"end":{"line":24,"column":20}},"17":{"start":{"line":26,"column":4},"end":{"line":30,"column":5}},"18":{"start":{"line":27,"column":6},"end":{"line":28,"column":18}},"19":{"start":{"line":28,"column":8},"end":{"line":28,"column":18}},"20":{"start":{"line":29,"column":6},"end":{"line":29,"column":10}},"21":{"start":{"line":32,"column":2},"end":{"line":32,"column":15}},"22":{"start":{"line":35,"column":0},"end":{"line":35,"column":22}}},"branchMap":{"1":{"line":7,"type":"if","locations":[{"start":{"line":7,"column":2},"end":{"line":7,"column":2}},{"start":{"line":7,"column":2},"end":{"line":7,"column":2}}]},"2":{"line":7,"type":"binary-expr","locations":[{"start":{"line":7,"column":6},"end":{"line":7,"column":27}},{"start":{"line":7,"column":31},"end":{"line":7,"column":49}}]},"3":{"line":19,"type":"binary-expr","locations":[{"start":{"line":19,"column":9},"end":{"line":19,"column":16}},{"start":{"line":19,"column":20},"end":{"line":19,"column":27}}]},"4":{"line":21,"type":"if","locations":[{"start":{"line":21,"column":4},"end":{"line":21,"column":4}},{"start":{"line":21,"column":4},"end":{"line":21,"column":4}}]},"5":{"line":27,"type":"if","locations":[{"start":{"line":27,"column":6},"end":{"line":27,"column":6}},{"start":{"line":27,"column":6},"end":{"line":27,"column":6}}]}}},"/Users/pentaxial/Desktop/node-sort/core/algorithms/merge.js":{"path":"/Users/pentaxial/Desktop/node-sort/core/algorithms/merge.js","s":{"1":1,"2":12,"3":12,"4":6,"5":6,"6":58,"7":58,"8":58,"9":58,"10":58,"11":32,"12":26,"13":6,"14":26,"15":26,"16":38,"17":26,"18":46,"19":26,"20":52,"21":26,"22":26,"23":26,"24":84,"25":52,"26":32,"27":12,"28":20,"29":26,"30":6,"31":1},"b":{"1":[6,6],"2":[12,8],"3":[32,26],"4":[26,26],"5":[110,46],"6":[52,32],"7":[84,64],"8":[12,20]},"f":{},"fnMap":{},"statementMap":{"1":{"start":{"line":3,"column":0},"end":{"line":51,"column":2}},"2":{"start":{"line":5,"column":2},"end":{"line":5,"column":55}},"3":{"start":{"line":7,"column":2},"end":{"line":7,"column":61}},"4":{"start":{"line":7,"column":51},"end":{"line":7,"column":61}},"5":{"start":{"line":9,"column":2},"end":{"line":18,"column":4}},"6":{"start":{"line":10,"column":4},"end":{"line":10,"column":30}},"7":{"start":{"line":11,"column":4},"end":{"line":11,"column":44}},"8":{"start":{"line":12,"column":4},"end":{"line":12,"column":38}},"9":{"start":{"line":13,"column":4},"end":{"line":13,"column":44}},"10":{"start":{"line":15,"column":4},"end":{"line":15,"column":32}},"11":{"start":{"line":15,"column":21},"end":{"line":15,"column":32}},"12":{"start":{"line":17,"column":4},"end":{"line":17,"column":46}},"13":{"start":{"line":20,"column":2},"end":{"line":48,"column":4}},"14":{"start":{"line":21,"column":4},"end":{"line":21,"column":22}},"15":{"start":{"line":23,"column":4},"end":{"line":25,"column":6}},"16":{"start":{"line":24,"column":6},"end":{"line":24,"column":32}},"17":{"start":{"line":27,"column":4},"end":{"line":29,"column":6}},"18":{"start":{"line":28,"column":6},"end":{"line":28,"column":33}},"19":{"start":{"line":31,"column":4},"end":{"line":36,"column":6}},"20":{"start":{"line":32,"column":6},"end":{"line":35,"column":20}},"21":{"start":{"line":33,"column":8},"end":{"line":33,"column":19}},"22":{"start":{"line":35,"column":8},"end":{"line":35,"column":20}},"23":{"start":{"line":38,"column":4},"end":{"line":45,"column":5}},"24":{"start":{"line":39,"column":6},"end":{"line":44,"column":20}},"25":{"start":{"line":40,"column":8},"end":{"line":40,"column":18}},"26":{"start":{"line":41,"column":11},"end":{"line":44,"column":20}},"27":{"start":{"line":42,"column":8},"end":{"line":42,"column":19}},"28":{"start":{"line":44,"column":8},"end":{"line":44,"column":20}},"29":{"start":{"line":47,"column":4},"end":{"line":47,"column":18}},"30":{"start":{"line":50,"column":2},"end":{"line":50,"column":21}},"31":{"start":{"line":53,"column":0},"end":{"line":53,"column":23}}},"branchMap":{"1":{"line":7,"type":"if","locations":[{"start":{"line":7,"column":2},"end":{"line":7,"column":2}},{"start":{"line":7,"column":2},"end":{"line":7,"column":2}}]},"2":{"line":7,"type":"binary-expr","locations":[{"start":{"line":7,"column":6},"end":{"line":7,"column":27}},{"start":{"line":7,"column":31},"end":{"line":7,"column":49}}]},"3":{"line":15,"type":"if","locations":[{"start":{"line":15,"column":4},"end":{"line":15,"column":4}},{"start":{"line":15,"column":4},"end":{"line":15,"column":4}}]},"4":{"line":32,"type":"if","locations":[{"start":{"line":32,"column":6},"end":{"line":32,"column":6}},{"start":{"line":32,"column":6},"end":{"line":32,"column":6}}]},"5":{"line":38,"type":"binary-expr","locations":[{"start":{"line":38,"column":11},"end":{"line":38,"column":22}},{"start":{"line":38,"column":26},"end":{"line":38,"column":38}}]},"6":{"line":39,"type":"if","locations":[{"start":{"line":39,"column":6},"end":{"line":39,"column":6}},{"start":{"line":39,"column":6},"end":{"line":39,"column":6}}]},"7":{"line":39,"type":"binary-expr","locations":[{"start":{"line":39,"column":9},"end":{"line":39,"column":20}},{"start":{"line":39,"column":24},"end":{"line":39,"column":36}}]},"8":{"line":41,"type":"if","locations":[{"start":{"line":41,"column":11},"end":{"line":41,"column":11}},{"start":{"line":41,"column":11},"end":{"line":41,"column":11}}]}}},"/Users/pentaxial/Desktop/node-sort/core/condition/bubble.js":{"path":"/Users/pentaxial/Desktop/node-sort/core/condition/bubble.js","s":{"1":1,"2":12,"3":12,"4":5,"5":78,"6":7,"7":5,"8":62,"9":2,"10":12},"b":{"1":[5,7],"2":[12,10],"3":[5,2],"4":[10,2]},"f":{},"fnMap":{},"statementMap":{"1":{"start":{"line":2,"column":0},"end":{"line":13,"column":2}},"2":{"start":{"line":3,"column":2},"end":{"line":3,"column":25}},"3":{"start":{"line":5,"column":2},"end":{"line":10,"column":22}},"4":{"start":{"line":6,"column":4},"end":{"line":6,"column":32}},"5":{"start":{"line":6,"column":26},"end":{"line":6,"column":31}},"6":{"start":{"line":7,"column":7},"end":{"line":10,"column":22}},"7":{"start":{"line":8,"column":4},"end":{"line":8,"column":32}},"8":{"start":{"line":8,"column":26},"end":{"line":8,"column":31}},"9":{"start":{"line":10,"column":4},"end":{"line":10,"column":22}},"10":{"start":{"line":12,"column":2},"end":{"line":12,"column":38}}},"branchMap":{"1":{"line":5,"type":"if","locations":[{"start":{"line":5,"column":2},"end":{"line":5,"column":2}},{"start":{"line":5,"column":2},"end":{"line":5,"column":2}}]},"2":{"line":5,"type":"binary-expr","locations":[{"start":{"line":5,"column":5},"end":{"line":5,"column":36}},{"start":{"line":5,"column":40},"end":{"line":5,"column":50}}]},"3":{"line":7,"type":"if","locations":[{"start":{"line":7,"column":7},"end":{"line":7,"column":7}},{"start":{"line":7,"column":7},"end":{"line":7,"column":7}}]},"4":{"line":12,"type":"cond-expr","locations":[{"start":{"line":12,"column":21},"end":{"line":12,"column":30}},{"start":{"line":12,"column":33},"end":{"line":12,"column":37}}]}}},"/Users/pentaxial/Desktop/node-sort/core/condition/comb.js":{"path":"/Users/pentaxial/Desktop/node-sort/core/condition/comb.js","s":{"1":1,"2":12,"3":12,"4":5,"5":103,"6":103,"7":54,"8":49,"9":7,"10":42,"11":103,"12":7,"13":5,"14":79,"15":79,"16":40,"17":39,"18":5,"19":34,"20":79,"21":2,"22":12},"b":{"1":[5,7],"2":[12,10],"3":[54,49],"4":[7,42],"5":[5,2],"6":[40,39],"7":[5,34],"8":[10,2]},"f":{},"fnMap":{},"statementMap":{"1":{"start":{"line":2,"column":0},"end":{"line":25,"column":2}},"2":{"start":{"line":3,"column":2},"end":{"line":3,"column":25}},"3":{"start":{"line":5,"column":2},"end":{"line":22,"column":22}},"4":{"start":{"line":6,"column":4},"end":{"line":12,"column":6}},"5":{"start":{"line":7,"column":6},"end":{"line":7,"column":12}},"6":{"start":{"line":8,"column":6},"end":{"line":10,"column":17}},"7":{"start":{"line":8,"column":16},"end":{"line":8,"column":23}},"8":{"start":{"line":9,"column":11},"end":{"line":10,"column":17}},"9":{"start":{"line":9,"column":23},"end":{"line":9,"column":29}},"10":{"start":{"line":10,"column":11},"end":{"line":10,"column":17}},"11":{"start":{"line":11,"column":6},"end":{"line":11,"column":15}},"12":{"start":{"line":13,"column":7},"end":{"line":22,"column":22}},"13":{"start":{"line":14,"column":4},"end":{"line":20,"column":6}},"14":{"start":{"line":15,"column":6},"end":{"line":15,"column":12}},"15":{"start":{"line":16,"column":6},"end":{"line":18,"column":17}},"16":{"start":{"line":16,"column":16},"end":{"line":16,"column":23}},"17":{"start":{"line":17,"column":11},"end":{"line":18,"column":17}},"18":{"start":{"line":17,"column":23},"end":{"line":17,"column":29}},"19":{"start":{"line":18,"column":11},"end":{"line":18,"column":17}},"20":{"start":{"line":19,"column":6},"end":{"line":19,"column":15}},"21":{"start":{"line":22,"column":4},"end":{"line":22,"column":22}},"22":{"start":{"line":24,"column":2},"end":{"line":24,"column":38}}},"branchMap":{"1":{"line":5,"type":"if","locations":[{"start":{"line":5,"column":2},"end":{"line":5,"column":2}},{"start":{"line":5,"column":2},"end":{"line":5,"column":2}}]},"2":{"line":5,"type":"binary-expr","locations":[{"start":{"line":5,"column":5},"end":{"line":5,"column":36}},{"start":{"line":5,"column":40},"end":{"line":5,"column":50}}]},"3":{"line":8,"type":"if","locations":[{"start":{"line":8,"column":6},"end":{"line":8,"column":6}},{"start":{"line":8,"column":6},"end":{"line":8,"column":6}}]},"4":{"line":9,"type":"if","locations":[{"start":{"line":9,"column":11},"end":{"line":9,"column":11}},{"start":{"line":9,"column":11},"end":{"line":9,"column":11}}]},"5":{"line":13,"type":"if","locations":[{"start":{"line":13,"column":7},"end":{"line":13,"column":7}},{"start":{"line":13,"column":7},"end":{"line":13,"column":7}}]},"6":{"line":16,"type":"if","locations":[{"start":{"line":16,"column":6},"end":{"line":16,"column":6}},{"start":{"line":16,"column":6},"end":{"line":16,"column":6}}]},"7":{"line":17,"type":"if","locations":[{"start":{"line":17,"column":11},"end":{"line":17,"column":11}},{"start":{"line":17,"column":11},"end":{"line":17,"column":11}}]},"8":{"line":24,"type":"cond-expr","locations":[{"start":{"line":24,"column":21},"end":{"line":24,"column":30}},{"start":{"line":24,"column":33},"end":{"line":24,"column":37}}]}}},"/Users/pentaxial/Desktop/node-sort/core/condition/merge.js":{"path":"/Users/pentaxial/Desktop/node-sort/core/condition/merge.js","s":{"1":1,"2":12,"3":12,"4":5,"5":22,"6":7,"7":5,"8":20,"9":2,"10":12},"b":{"1":[5,7],"2":[12,10],"3":[5,2],"4":[10,2]},"f":{},"fnMap":{},"statementMap":{"1":{"start":{"line":2,"column":0},"end":{"line":13,"column":2}},"2":{"start":{"line":3,"column":2},"end":{"line":3,"column":25}},"3":{"start":{"line":5,"column":2},"end":{"line":10,"column":22}},"4":{"start":{"line":6,"column":4},"end":{"line":6,"column":32}},"5":{"start":{"line":6,"column":26},"end":{"line":6,"column":31}},"6":{"start":{"line":7,"column":7},"end":{"line":10,"column":22}},"7":{"start":{"line":8,"column":4},"end":{"line":8,"column":32}},"8":{"start":{"line":8,"column":26},"end":{"line":8,"column":31}},"9":{"start":{"line":10,"column":4},"end":{"line":10,"column":22}},"10":{"start":{"line":12,"column":2},"end":{"line":12,"column":38}}},"branchMap":{"1":{"line":5,"type":"if","locations":[{"start":{"line":5,"column":2},"end":{"line":5,"column":2}},{"start":{"line":5,"column":2},"end":{"line":5,"column":2}}]},"2":{"line":5,"type":"binary-expr","locations":[{"start":{"line":5,"column":5},"end":{"line":5,"column":36}},{"start":{"line":5,"column":40},"end":{"line":5,"column":50}}]},"3":{"line":7,"type":"if","locations":[{"start":{"line":7,"column":7},"end":{"line":7,"column":7}},{"start":{"line":7,"column":7},"end":{"line":7,"column":7}}]},"4":{"line":12,"type":"cond-expr","locations":[{"start":{"line":12,"column":21},"end":{"line":12,"column":30}},{"start":{"line":12,"column":33},"end":{"line":12,"column":37}}]}}},"/Users/pentaxial/Desktop/node-sort/core/condition/quick.js":{"path":"/Users/pentaxial/Desktop/node-sort/core/condition/quick.js","s":{"1":1,"2":76,"3":76,"4":5,"5":20,"6":71,"7":5,"8":20,"9":66,"10":76},"b":{"1":[5,71],"2":[76,10],"3":[5,66],"4":[10,66]},"f":{},"fnMap":{},"statementMap":{"1":{"start":{"line":2,"column":0},"end":{"line":13,"column":2}},"2":{"start":{"line":3,"column":2},"end":{"line":3,"column":25}},"3":{"start":{"line":5,"column":2},"end":{"line":10,"column":22}},"4":{"start":{"line":6,"column":4},"end":{"line":6,"column":32}},"5":{"start":{"line":6,"column":26},"end":{"line":6,"column":31}},"6":{"start":{"line":7,"column":7},"end":{"line":10,"column":22}},"7":{"start":{"line":8,"column":4},"end":{"line":8,"column":32}},"8":{"start":{"line":8,"column":26},"end":{"line":8,"column":31}},"9":{"start":{"line":10,"column":4},"end":{"line":10,"column":22}},"10":{"start":{"line":12,"column":2},"end":{"line":12,"column":38}}},"branchMap":{"1":{"line":5,"type":"if","locations":[{"start":{"line":5,"column":2},"end":{"line":5,"column":2}},{"start":{"line":5,"column":2},"end":{"line":5,"column":2}}]},"2":{"line":5,"type":"binary-expr","locations":[{"start":{"line":5,"column":5},"end":{"line":5,"column":36}},{"start":{"line":5,"column":40},"end":{"line":5,"column":50}}]},"3":{"line":7,"type":"if","locations":[{"start":{"line":7,"column":7},"end":{"line":7,"column":7}},{"start":{"line":7,"column":7},"end":{"line":7,"column":7}}]},"4":{"line":12,"type":"cond-expr","locations":[{"start":{"line":12,"column":21},"end":{"line":12,"column":30}},{"start":{"line":12,"column":33},"end":{"line":12,"column":37}}]}}}}