TN:
SF:/home/fabio/Área de Trabalho/sort/sort.js
FNF:0
FNH:0
DA:2,1
LF:1
LH:1
BRF:0
BRH:0
end_of_record
TN:
SF:/home/fabio/Área de Trabalho/sort/core/algorithms/quick.js
FNF:0
FNH:0
DA:2,1
DA:4,76
DA:6,76
DA:8,32
DA:9,32
DA:10,32
DA:12,32
DA:13,48
DA:16,32
DA:20,1
LF:10
LH:10
BRDA:6,1,0,44
BRDA:6,1,1,32
BRDA:6,2,0,76
BRDA:6,2,1,72
BRDA:13,3,0,25
BRDA:13,3,1,23
BRF:6
BRH:6
end_of_record
TN:
SF:/home/fabio/Área de Trabalho/sort/core/algorithms/bubble.js
FN:10,(anonymous_1)
FNF:1
FNH:1
FNDA:72,(anonymous_1)
DA:2,1
DA:4,12
DA:6,12
DA:8,6
DA:10,6
DA:11,72
DA:12,72
DA:13,72
DA:14,72
DA:17,6
DA:18,29
DA:19,29
DA:20,161
DA:24,6
DA:27,1
LF:15
LH:15
BRDA:6,1,0,6
BRDA:6,1,1,6
BRDA:6,2,0,12
BRDA:6,2,1,8
BRDA:20,3,0,72
BRDA:20,3,1,89
BRF:6
BRH:6
end_of_record
TN:
SF:/home/fabio/Área de Trabalho/sort/core/algorithms/comb.js
FN:12,(anonymous_1)
FNF:1
FNH:1
FNDA:88,(anonymous_1)
DA:3,1
DA:5,12
DA:7,12
DA:9,6
DA:10,6
DA:12,6
DA:13,88
DA:14,88
DA:15,88
DA:16,88
DA:19,6
DA:21,44
DA:23,44
DA:24,44
DA:26,44
DA:27,209
DA:28,88
DA:29,209
DA:32,6
DA:35,1
LF:20
LH:20
BRDA:7,1,0,6
BRDA:7,1,1,6
BRDA:7,2,0,12
BRDA:7,2,1,8
BRDA:19,3,0,50
BRDA:19,3,1,28
BRDA:21,4,0,22
BRDA:21,4,1,22
BRDA:27,5,0,88
BRDA:27,5,1,121
BRF:10
BRH:10
end_of_record
TN:
SF:/home/fabio/Área de Trabalho/sort/core/algorithms/merge.js
FNF:0
FNH:0
DA:3,1
DA:5,12
DA:7,12
DA:9,6
DA:10,58
DA:11,58
DA:12,58
DA:13,58
DA:15,58
DA:17,26
DA:20,6
DA:21,26
DA:23,26
DA:24,38
DA:27,26
DA:28,46
DA:31,26
DA:32,52
DA:33,26
DA:35,26
DA:38,26
DA:39,84
DA:40,52
DA:41,32
DA:42,12
DA:44,20
DA:47,26
DA:50,6
DA:53,1
LF:29
LH:29
BRDA:7,1,0,6
BRDA:7,1,1,6
BRDA:7,2,0,12
BRDA:7,2,1,8
BRDA:15,3,0,32
BRDA:15,3,1,26
BRDA:32,4,0,26
BRDA:32,4,1,26
BRDA:38,5,0,110
BRDA:38,5,1,46
BRDA:39,6,0,52
BRDA:39,6,1,32
BRDA:39,7,0,84
BRDA:39,7,1,64
BRDA:41,8,0,12
BRDA:41,8,1,20
BRF:16
BRH:16
end_of_record
TN:
SF:/home/fabio/Área de Trabalho/sort/core/condition/bubble.js
FNF:0
FNH:0
DA:2,1
DA:3,12
DA:5,12
DA:6,78
DA:7,7
DA:8,62
DA:10,2
DA:12,12
LF:8
LH:8
BRDA:5,1,0,5
BRDA:5,1,1,7
BRDA:5,2,0,12
BRDA:5,2,1,10
BRDA:7,3,0,5
BRDA:7,3,1,2
BRDA:12,4,0,10
BRDA:12,4,1,2
BRF:8
BRH:8
end_of_record
TN:
SF:/home/fabio/Área de Trabalho/sort/core/condition/comb.js
FNF:0
FNH:0
DA:2,1
DA:3,12
DA:5,12
DA:6,5
DA:7,103
DA:8,103
DA:9,49
DA:10,42
DA:11,103
DA:13,7
DA:14,5
DA:15,79
DA:16,79
DA:17,39
DA:18,34
DA:19,79
DA:22,2
DA:24,12
LF:18
LH:18
BRDA:5,1,0,5
BRDA:5,1,1,7
BRDA:5,2,0,12
BRDA:5,2,1,10
BRDA:8,3,0,54
BRDA:8,3,1,49
BRDA:9,4,0,7
BRDA:9,4,1,42
BRDA:13,5,0,5
BRDA:13,5,1,2
BRDA:16,6,0,40
BRDA:16,6,1,39
BRDA:17,7,0,5
BRDA:17,7,1,34
BRDA:24,8,0,10
BRDA:24,8,1,2
BRF:16
BRH:16
end_of_record
TN:
SF:/home/fabio/Área de Trabalho/sort/core/condition/merge.js
FNF:0
FNH:0
DA:2,1
DA:3,12
DA:5,12
DA:6,22
DA:7,7
DA:8,20
DA:10,2
DA:12,12
LF:8
LH:8
BRDA:5,1,0,5
BRDA:5,1,1,7
BRDA:5,2,0,12
BRDA:5,2,1,10
BRDA:7,3,0,5
BRDA:7,3,1,2
BRDA:12,4,0,10
BRDA:12,4,1,2
BRF:8
BRH:8
end_of_record
TN:
SF:/home/fabio/Área de Trabalho/sort/core/condition/quick.js
FNF:0
FNH:0
DA:2,1
DA:3,76
DA:5,76
DA:6,20
DA:7,71
DA:8,20
DA:10,66
DA:12,76
LF:8
LH:8
BRDA:5,1,0,5
BRDA:5,1,1,71
BRDA:5,2,0,76
BRDA:5,2,1,10
BRDA:7,3,0,5
BRDA:7,3,1,66
BRDA:12,4,0,10
BRDA:12,4,1,66
BRF:8
BRH:8
end_of_record
